Flow report for convolution
Thu Jul 26 19:50:59 2018
Quartus Prime Version 18.0.0 Build 614 04/24/2018 SJ Lite Edition


---------------------
; Table of Contents ;
---------------------
  1. Legal Notice
  2. Flow Summary
  3. Flow Settings
  4. Flow Non-Default Global Settings
  5. Flow Elapsed Time
  6. Flow OS Summary
  7. Flow Log
  8. Flow Messages
  9. Flow Suppressed Messages



----------------
; Legal Notice ;
----------------
Copyright (C) 2018  Intel Corporation. All rights reserved.
Your use of Intel Corporation's design tools, logic functions 
and other software and tools, and its AMPP partner logic 
functions, and any output files from any of the foregoing 
(including device programming or simulation files), and any 
associated documentation or information are expressly subject 
to the terms and conditions of the Intel Program License 
Subscription Agreement, the Intel Quartus Prime License Agreement,
the Intel FPGA IP License Agreement, or other applicable license
agreement, including, without limitation, that your use is for
the sole purpose of programming logic devices manufactured by
Intel and sold by Intel or its authorized distributors.  Please
refer to the applicable agreement for further details.



+---------------------------------------------------------------------+
; Flow Summary                                                        ;
+-----------------------+---------------------------------------------+
; Flow Status           ; Flow Failed - Thu Jul 26 19:50:59 2018      ;
; Quartus Prime Version ; 18.0.0 Build 614 04/24/2018 SJ Lite Edition ;
; Revision Name         ; convolution                                 ;
; Top-level Entity Name ; convolution                                 ;
; Family                ; MAX V                                       ;
; Total logic elements  ; 2,339 / 2,210 ( 106 % )                     ;
; Total pins            ; 50 / 203 ( 25 % )                           ;
; Total virtual pins    ; 0                                           ;
; UFM blocks            ; 0 / 1 ( 0 % )                               ;
; Device                ; 5M2210ZF256C4                               ;
; Timing Models         ; Final                                       ;
+-----------------------+---------------------------------------------+


+-----------------------------------------+
; Flow Settings                           ;
+-------------------+---------------------+
; Option            ; Setting             ;
+-------------------+---------------------+
; Start date & time ; 07/26/2018 19:50:25 ;
; Main task         ; Compilation         ;
; Revision Name     ; convolution         ;
+-------------------+---------------------+


+--------------------------------------------------------------------------------------------------------------------+
; Flow Non-Default Global Settings                                                                                   ;
+--------------------------------------+------------------------------+---------------+-------------+----------------+
; Assignment Name                      ; Value                        ; Default Value ; Entity Name ; Section Id     ;
+--------------------------------------+------------------------------+---------------+-------------+----------------+
; COMPILER_SIGNATURE_ID                ; 964510414053.153260222411788 ; --            ; --          ; --             ;
; EDA_DESIGN_INSTANCE_NAME             ; NA                           ; --            ; --          ; tb_convolution ;
; EDA_NATIVELINK_SIMULATION_TEST_BENCH ; tb_convolution               ; --            ; --          ; eda_simulation ;
; EDA_OUTPUT_DATA_FORMAT               ; Verilog Hdl                  ; --            ; --          ; eda_simulation ;
; EDA_RUN_TOOL_AUTOMATICALLY           ; On                           ; --            ; --          ; eda_simulation ;
; EDA_SIMULATION_TOOL                  ; ModelSim-Altera (Verilog)    ; <None>        ; --          ; --             ;
; EDA_TEST_BENCH_ENABLE_STATUS         ; TEST_BENCH_MODE              ; --            ; --          ; eda_simulation ;
; EDA_TEST_BENCH_FILE                  ; tb_convolution_top_module.v  ; --            ; --          ; tb_convolution ;
; EDA_TEST_BENCH_MODULE_NAME           ; tb_convolution               ; --            ; --          ; tb_convolution ;
; EDA_TEST_BENCH_NAME                  ; tb_convolution               ; --            ; --          ; eda_simulation ;
; EDA_TIME_SCALE                       ; 1 ps                         ; --            ; --          ; eda_simulation ;
; PROJECT_OUTPUT_DIRECTORY             ; output_files                 ; --            ; --          ; --             ;
+--------------------------------------+------------------------------+---------------+-------------+----------------+


+--------------------------------------------------------------------------------------------------------------------------+
; Flow Elapsed Time                                                                                                        ;
+----------------------+--------------+-------------------------+---------------------+------------------------------------+
; Module Name          ; Elapsed Time ; Average Processors Used ; Peak Virtual Memory ; Total CPU Time (on all processors) ;
+----------------------+--------------+-------------------------+---------------------+------------------------------------+
; Analysis & Synthesis ; 00:00:27     ; 1.0                     ; 4743 MB             ; 00:00:57                           ;
; Fitter               ; 00:00:07     ; 1.0                     ; 5068 MB             ; 00:00:06                           ;
; Total                ; 00:00:34     ; --                      ; --                  ; 00:01:03                           ;
+----------------------+--------------+-------------------------+---------------------+------------------------------------+


+------------------------------------------------------------------------------------+
; Flow OS Summary                                                                    ;
+----------------------+------------------+------------+------------+----------------+
; Module Name          ; Machine Hostname ; OS Name    ; OS Version ; Processor type ;
+----------------------+------------------+------------+------------+----------------+
; Analysis & Synthesis ; DESKTOP-GP27RPH  ; Windows 10 ; 10.0       ; x86_64         ;
; Fitter               ; DESKTOP-GP27RPH  ; Windows 10 ; 10.0       ; x86_64         ;
+----------------------+------------------+------------+------------+----------------+


------------
; Flow Log ;
------------
quartus_map --read_settings_files=on --write_settings_files=off convolution -c convolution
quartus_fit --read_settings_files=off --write_settings_files=off convolution -c convolution



